{"event":"build_start","ticket":"ko-6f77","ts":"2026-02-26T00:25:37Z"}
{"event":"workflow_start","ticket":"ko-6f77","ts":"2026-02-26T00:25:37Z","workflow":"main"}
{"event":"node_start","node":"classify","ticket":"ko-6f77","ts":"2026-02-26T00:25:37Z","workflow":"main"}
{"event":"node_complete","node":"classify","result":"route","ticket":"ko-6f77","ts":"2026-02-26T00:25:42Z","workflow":"main"}
{"event":"workflow_start","ticket":"ko-6f77","ts":"2026-02-26T00:25:42Z","workflow":"task"}
{"event":"node_start","node":"plan","ticket":"ko-6f77","ts":"2026-02-26T00:25:42Z","workflow":"task"}
{"event":"node_complete","node":"plan","result":"done","ticket":"ko-6f77","ts":"2026-02-26T00:27:06Z","workflow":"task"}
{"event":"node_start","node":"actionable","ticket":"ko-6f77","ts":"2026-02-26T00:27:06Z","workflow":"task"}
{"event":"node_complete","node":"actionable","result":"continue","ticket":"ko-6f77","ts":"2026-02-26T00:27:24Z","workflow":"task"}
{"event":"node_start","node":"implement","ticket":"ko-6f77","ts":"2026-02-26T00:27:24Z","workflow":"task"}
{"event":"node_complete","node":"implement","result":"done","ticket":"ko-6f77","ts":"2026-02-26T00:34:19Z","workflow":"task"}
{"event":"node_start","node":"verify","ticket":"ko-6f77","ts":"2026-02-26T00:34:19Z","workflow":"task"}
{"attempt":1,"event":"node_fail","node":"verify","reason":"command failed: exit status 1\ninitialized .ko/config.yaml\n  .ko/prompts/triage.md\n  .ko/prompts/implement.md\n  .ko/prompts/review.md\nko agent init: /tmp/TestCmdBuildInit_refusesOverwrite3954561455/001/.ko/config.yaml already exists\ninitialized .ko/config.yaml\n  .ko/prompts/triage.md\n  .ko/prompts/implement.md\n  .ko/prompts/review.md\ntest-f7d6\ntest-9088\ntest-462a\ntest-29c7\ntest-e52d\ntest-7b1f\ntest-17e9\ntest-e0fb\ntest-5f70\ntest-c885\ntest-1fc7\ntest-0677\ntest-1f24\ntest-5ec7\nko project: subcommand required (set, ls)\nUsage:\n  ko project set #\u003ctag\u003e [--prefix=p] [--default]\n  ko project ls\nko project: unknown subcommand 'unknown'\nValid subcommands: set, ls\nproject test registered\nproject test initialized with prefix \"tst\" and registered\nproject test registered and set as default\nproject test initialized with prefix \"tst\" and registered\nproject test initialized with prefix \"new\", registered, and set as default\nproject test registered\nko project set: #tag argument required\nUsage: ko project set #\u003ctag\u003e [--prefix=p] [--default]\nko project set: prefix must be at least 2 characters\nno projects registered\n  proj1\t/path/to/proj1\n* proj2\t/path/to/proj2\n  proj3\t/path/to/proj3\n  proj1\t/path/to/proj1\n* proj2\t/path/to/proj2\n--- FAIL: TestProjectRegistry (0.00s)\n    --- FAIL: TestProjectRegistry/add_routed (0.01s)\n        testscript.go:584: # Add with recognized tag routes to target project (0.000s)\n            # Register target project (0.005s)\n            # Add a routed ticket (0.005s)\n            \u003e exec ko add 'Fix the thing #target'\n            [stdout]\n            ko-0340\n            \u003e stdout '#target'\n            FAIL: testdata/project_registry/add_routed.txtar:13: no match for `#target` found in stdout\n            \n    --- FAIL: TestProjectRegistry/add_captured (0.02s)\n        testscript.go:584: # Add with unrecognized tag goes to default project as captured (0.000s)\n            # Register default project and set as default (0.006s)\n            # Add with unrecognized tag (0.006s)\n            # Verify ticket in default project with status captured and tag preserved (0.005s)\n            \u003e env TICKETS_DIR=$WORK/default-proj/.ko/tickets\n            \u003e exec ko ls --json --status=captured\n            [stdout]\n            null\n            \u003e stdout 'Build splash page'\n            FAIL: testdata/project_registry/add_captured.txtar:17: no match for `Build splash page` found in stdout\n            \n    --- FAIL: TestProjectRegistry/add_multitag (0.02s)\n        testscript.go:584: # Multiple tags: first routes, rest are labels (0.000s)\n            # Register target project (0.007s)\n            # Add with multiple tags (0.006s)\n            # Verify ticket in target has extra tags as labels (0.004s)\n            \u003e env TICKETS_DIR=$WORK/target/.ko/tickets\n            \u003e exec ko ls --json --status=routed\n            [stdout]\n            null\n            \u003e stdout 'Refactor auth'\n            FAIL: testdata/project_registry/add_multitag.txtar:17: no match for `Refactor auth` found in stdout\n            \nFAIL\nFAIL\tgit.gisi.network/infra/knockout\t6.150s\nFAIL\n","ticket":"ko-6f77","ts":"2026-02-26T00:34:25Z","workflow":"task"}
{"attempt":2,"event":"node_retry","node":"verify","ticket":"ko-6f77","ts":"2026-02-26T00:34:25Z","workflow":"task"}
{"attempt":2,"event":"node_fail","node":"verify","reason":"command failed: exit status 1\ninitialized .ko/config.yaml\n  .ko/prompts/triage.md\n  .ko/prompts/implement.md\n  .ko/prompts/review.md\nko agent init: /tmp/TestCmdBuildInit_refusesOverwrite843821150/001/.ko/config.yaml already exists\ninitialized .ko/config.yaml\n  .ko/prompts/triage.md\n  .ko/prompts/implement.md\n  .ko/prompts/review.md\ntest-5776\ntest-3c8d\ntest-cdb0\ntest-c073\ntest-e95f\ntest-58f8\ntest-5cd5\ntest-ddd1\ntest-13b9\ntest-366a\ntest-dbd3\ntest-2612\ntest-ee75\ntest-5c36\nko project: subcommand required (set, ls)\nUsage:\n  ko project set #\u003ctag\u003e [--prefix=p] [--default]\n  ko project ls\nko project: unknown subcommand 'unknown'\nValid subcommands: set, ls\nproject test registered\nproject test initialized with prefix \"tst\" and registered\nproject test registered and set as default\nproject test initialized with prefix \"tst\" and registered\nproject test initialized with prefix \"new\", registered, and set as default\nproject test registered\nko project set: #tag argument required\nUsage: ko project set #\u003ctag\u003e [--prefix=p] [--default]\nko project set: prefix must be at least 2 characters\nno projects registered\n  proj1\t/path/to/proj1\n* proj2\t/path/to/proj2\n  proj3\t/path/to/proj3\n  proj1\t/path/to/proj1\n* proj2\t/path/to/proj2\n--- FAIL: TestProjectRegistry (0.00s)\n    --- FAIL: TestProjectRegistry/add_routed (0.01s)\n        testscript.go:584: # Add with recognized tag routes to target project (0.000s)\n            # Register target project (0.005s)\n            # Add a routed ticket (0.006s)\n            \u003e exec ko add 'Fix the thing #target'\n            [stdout]\n            ko-9105\n            \u003e stdout '#target'\n            FAIL: testdata/project_registry/add_routed.txtar:13: no match for `#target` found in stdout\n            \n    --- FAIL: TestProjectRegistry/add_captured (0.02s)\n        testscript.go:584: # Add with unrecognized tag goes to default project as captured (0.000s)\n            # Register default project and set as default (0.005s)\n            # Add with unrecognized tag (0.005s)\n            # Verify ticket in default project with status captured and tag preserved (0.005s)\n            \u003e env TICKETS_DIR=$WORK/default-proj/.ko/tickets\n            \u003e exec ko ls --json --status=captured\n            [stdout]\n            null\n            \u003e stdout 'Build splash page'\n            FAIL: testdata/project_registry/add_captured.txtar:17: no match for `Build splash page` found in stdout\n            \n    --- FAIL: TestProjectRegistry/add_multitag (0.02s)\n        testscript.go:584: # Multiple tags: first routes, rest are labels (0.000s)\n            # Register target project (0.004s)\n            # Add with multiple tags (0.005s)\n            # Verify ticket in target has extra tags as labels (0.005s)\n            \u003e env TICKETS_DIR=$WORK/target/.ko/tickets\n            \u003e exec ko ls --json --status=routed\n            [stdout]\n            null\n            \u003e stdout 'Refactor auth'\n            FAIL: testdata/project_registry/add_multitag.txtar:17: no match for `Refactor auth` found in stdout\n            \nFAIL\nFAIL\tgit.gisi.network/infra/knockout\t6.161s\nFAIL\n","ticket":"ko-6f77","ts":"2026-02-26T00:34:32Z","workflow":"task"}
{"attempt":3,"event":"node_retry","node":"verify","ticket":"ko-6f77","ts":"2026-02-26T00:34:32Z","workflow":"task"}
{"attempt":3,"event":"node_fail","node":"verify","reason":"command failed: exit status 1\ninitialized .ko/config.yaml\n  .ko/prompts/triage.md\n  .ko/prompts/implement.md\n  .ko/prompts/review.md\nko agent init: /tmp/TestCmdBuildInit_refusesOverwrite584300741/001/.ko/config.yaml already exists\ninitialized .ko/config.yaml\n  .ko/prompts/triage.md\n  .ko/prompts/implement.md\n  .ko/prompts/review.md\ntest-fcb3\ntest-a19a\ntest-d799\ntest-2be1\ntest-907a\ntest-4fdc\ntest-c1a0\ntest-810b\ntest-0cca\ntest-7a56\ntest-5e1d\ntest-b3d9\ntest-2afd\ntest-bfb2\nko project: subcommand required (set, ls)\nUsage:\n  ko project set #\u003ctag\u003e [--prefix=p] [--default]\n  ko project ls\nko project: unknown subcommand 'unknown'\nValid subcommands: set, ls\nproject test registered\nproject test initialized with prefix \"tst\" and registered\nproject test registered and set as default\nproject test initialized with prefix \"tst\" and registered\nproject test initialized with prefix \"new\", registered, and set as default\nproject test registered\nko project set: #tag argument required\nUsage: ko project set #\u003ctag\u003e [--prefix=p] [--default]\nko project set: prefix must be at least 2 characters\nno projects registered\n  proj1\t/path/to/proj1\n* proj2\t/path/to/proj2\n  proj3\t/path/to/proj3\n  proj1\t/path/to/proj1\n* proj2\t/path/to/proj2\n--- FAIL: TestProjectRegistry (0.00s)\n    --- FAIL: TestProjectRegistry/add_multitag (0.02s)\n        testscript.go:584: # Multiple tags: first routes, rest are labels (0.000s)\n            # Register target project (0.005s)\n            # Add with multiple tags (0.006s)\n            # Verify ticket in target has extra tags as labels (0.005s)\n            \u003e env TICKETS_DIR=$WORK/target/.ko/tickets\n            \u003e exec ko ls --json --status=routed\n            [stdout]\n            null\n            \u003e stdout 'Refactor auth'\n            FAIL: testdata/project_registry/add_multitag.txtar:17: no match for `Refactor auth` found in stdout\n            \n    --- FAIL: TestProjectRegistry/add_captured (0.02s)\n        testscript.go:584: # Add with unrecognized tag goes to default project as captured (0.000s)\n            # Register default project and set as default (0.005s)\n            # Add with unrecognized tag (0.007s)\n            # Verify ticket in default project with status captured and tag preserved (0.005s)\n            \u003e env TICKETS_DIR=$WORK/default-proj/.ko/tickets\n            \u003e exec ko ls --json --status=captured\n            [stdout]\n            null\n            \u003e stdout 'Build splash page'\n            FAIL: testdata/project_registry/add_captured.txtar:17: no match for `Build splash page` found in stdout\n            \n    --- FAIL: TestProjectRegistry/add_routed (0.01s)\n        testscript.go:584: # Add with recognized tag routes to target project (0.000s)\n            # Register target project (0.004s)\n            # Add a routed ticket (0.006s)\n            \u003e exec ko add 'Fix the thing #target'\n            [stdout]\n            ko-71c8\n            \u003e stdout '#target'\n            FAIL: testdata/project_registry/add_routed.txtar:13: no match for `#target` found in stdout\n            \nFAIL\nFAIL\tgit.gisi.network/infra/knockout\t6.137s\nFAIL\n","ticket":"ko-6f77","ts":"2026-02-26T00:34:38Z","workflow":"task"}
{"event":"node_complete","node":"verify","result":"error","ticket":"ko-6f77","ts":"2026-02-26T00:34:38Z","workflow":"task"}
{"event":"build_complete","outcome":"fail","ticket":"ko-6f77","ts":"2026-02-26T00:34:38Z"}
