{"event":"build_start","ticket":"ko-759a","ts":"2026-02-25T06:24:28Z"}
{"event":"workflow_start","ticket":"ko-759a","ts":"2026-02-25T06:24:28Z","workflow":"main"}
{"event":"node_start","node":"classify","ticket":"ko-759a","ts":"2026-02-25T06:24:28Z","workflow":"main"}
{"event":"node_complete","node":"classify","result":"route","ticket":"ko-759a","ts":"2026-02-25T06:24:34Z","workflow":"main"}
{"event":"workflow_start","ticket":"ko-759a","ts":"2026-02-25T06:24:34Z","workflow":"task"}
{"event":"node_start","node":"plan","ticket":"ko-759a","ts":"2026-02-25T06:24:34Z","workflow":"task"}
{"event":"node_complete","node":"plan","result":"done","ticket":"ko-759a","ts":"2026-02-25T06:26:39Z","workflow":"task"}
{"event":"node_start","node":"actionable","ticket":"ko-759a","ts":"2026-02-25T06:26:39Z","workflow":"task"}
{"event":"node_complete","node":"actionable","result":"continue","ticket":"ko-759a","ts":"2026-02-25T06:26:56Z","workflow":"task"}
{"event":"node_start","node":"implement","ticket":"ko-759a","ts":"2026-02-25T06:26:56Z","workflow":"task"}
{"event":"node_complete","node":"implement","result":"done","ticket":"ko-759a","ts":"2026-02-25T06:38:20Z","workflow":"task"}
{"event":"node_start","node":"verify","ticket":"ko-759a","ts":"2026-02-25T06:38:20Z","workflow":"task"}
{"attempt":1,"event":"node_fail","node":"verify","reason":"command failed: exit status 1\nAnswered 1 question(s) for test-0001 — 1 question(s) remaining\nAnswered 2 question(s) for test-0002 — all questions resolved, status set to open\nko answer: invalid JSON: invalid character 'i' looking for beginning of object key string\nko answer: question ID q99 not found in ticket test-0004\nko answer: ticket test-0005 has no plan-questions\ninitialized .ko/config.yaml\n  .ko/prompts/triage.md\n  .ko/prompts/implement.md\n  .ko/prompts/review.md\nko agent init: /tmp/TestCmdBuildInit_refusesOverwrite3878326099/001/.ko/config.yaml already exists\ninitialized .ko/config.yaml\n  .ko/prompts/triage.md\n  .ko/prompts/implement.md\n  .ko/prompts/review.md\ntest-aabd\ntest-6c1b\ntest-414a\ntest-b88b\ntest-8bd5\ntest-31a7\ntest-5141\ntest-bd40\ntest-856c\ntest-1248\ntest-6e87\ntest-a8f5\ntest-e878\ntest-1c86\ninitialized /tmp/TestCmdInit1639531718/001 with prefix \"myp\"\ninitialized /tmp/TestCmdInitAlreadyInitialized1350491513/001 with prefix \"abc\"\nko init: already initialized with prefix \"abc\" (in config.yaml)\nko init: prefix must be at least 2 characters\nko init: prefix argument required\nUsage: ko init \u003cprefix\u003e\n--- FAIL: TestSubscribeHandler (5.51s)\n    cmd_serve_test.go:508: timeout waiting for follow-up event\n--- FAIL: TestSubscribeMultiple (1.00s)\n    cmd_serve_test.go:679: subscriber 0 did not receive event\n    cmd_serve_test.go:679: subscriber 1 did not receive event\n    cmd_serve_test.go:679: subscriber 2 did not receive event\nFAIL\nFAIL\tgit.gisi.network/infra/knockout\t10.461s\nFAIL\n","ticket":"ko-759a","ts":"2026-02-25T06:38:30Z","workflow":"task"}
{"attempt":2,"event":"node_retry","node":"verify","ticket":"ko-759a","ts":"2026-02-25T06:38:30Z","workflow":"task"}
{"attempt":2,"event":"node_fail","node":"verify","reason":"command failed: exit status 1\nAnswered 1 question(s) for test-0001 — 1 question(s) remaining\nAnswered 2 question(s) for test-0002 — all questions resolved, status set to open\nko answer: invalid JSON: invalid character 'i' looking for beginning of object key string\nko answer: question ID q99 not found in ticket test-0004\nko answer: ticket test-0005 has no plan-questions\ninitialized .ko/config.yaml\n  .ko/prompts/triage.md\n  .ko/prompts/implement.md\n  .ko/prompts/review.md\nko agent init: /tmp/TestCmdBuildInit_refusesOverwrite1317072981/001/.ko/config.yaml already exists\ninitialized .ko/config.yaml\n  .ko/prompts/triage.md\n  .ko/prompts/implement.md\n  .ko/prompts/review.md\ntest-56b2\ntest-e2b6\ntest-6324\ntest-7523\ntest-21a8\ntest-ba59\ntest-3417\ntest-4dac\ntest-4daa\ntest-e850\ntest-a7a6\ntest-7b59\ntest-3f90\ntest-e097\ninitialized /tmp/TestCmdInit442946111/001 with prefix \"myp\"\ninitialized /tmp/TestCmdInitAlreadyInitialized4290187696/001 with prefix \"abc\"\nko init: already initialized with prefix \"abc\" (in config.yaml)\nko init: prefix must be at least 2 characters\nko init: prefix argument required\nUsage: ko init \u003cprefix\u003e\n--- FAIL: TestSubscribeHandler (5.51s)\n    cmd_serve_test.go:508: timeout waiting for follow-up event\n--- FAIL: TestSubscribeMultiple (1.00s)\n    cmd_serve_test.go:679: subscriber 0 did not receive event\n    cmd_serve_test.go:679: subscriber 1 did not receive event\n    cmd_serve_test.go:679: subscriber 2 did not receive event\nFAIL\nFAIL\tgit.gisi.network/infra/knockout\t10.464s\nFAIL\n","ticket":"ko-759a","ts":"2026-02-25T06:38:41Z","workflow":"task"}
{"attempt":3,"event":"node_retry","node":"verify","ticket":"ko-759a","ts":"2026-02-25T06:38:41Z","workflow":"task"}
{"attempt":3,"event":"node_fail","node":"verify","reason":"command failed: exit status 1\nAnswered 1 question(s) for test-0001 — 1 question(s) remaining\nAnswered 2 question(s) for test-0002 — all questions resolved, status set to open\nko answer: invalid JSON: invalid character 'i' looking for beginning of object key string\nko answer: question ID q99 not found in ticket test-0004\nko answer: ticket test-0005 has no plan-questions\ninitialized .ko/config.yaml\n  .ko/prompts/triage.md\n  .ko/prompts/implement.md\n  .ko/prompts/review.md\nko agent init: /tmp/TestCmdBuildInit_refusesOverwrite226249190/001/.ko/config.yaml already exists\ninitialized .ko/config.yaml\n  .ko/prompts/triage.md\n  .ko/prompts/implement.md\n  .ko/prompts/review.md\ntest-a258\ntest-f743\ntest-9dd5\ntest-f116\ntest-851a\ntest-cd9f\ntest-60cb\ntest-1bc3\ntest-55e7\ntest-e195\ntest-7191\ntest-82b6\ntest-8faa\ntest-5823\ninitialized /tmp/TestCmdInit175102464/001 with prefix \"myp\"\ninitialized /tmp/TestCmdInitAlreadyInitialized3853597272/001 with prefix \"abc\"\nko init: already initialized with prefix \"abc\" (in config.yaml)\nko init: prefix must be at least 2 characters\nko init: prefix argument required\nUsage: ko init \u003cprefix\u003e\n--- FAIL: TestSubscribeHandler (5.51s)\n    cmd_serve_test.go:508: timeout waiting for follow-up event\n--- FAIL: TestSubscribeMultiple (1.00s)\n    cmd_serve_test.go:679: subscriber 0 did not receive event\n    cmd_serve_test.go:679: subscriber 1 did not receive event\n    cmd_serve_test.go:679: subscriber 2 did not receive event\nFAIL\nFAIL\tgit.gisi.network/infra/knockout\t10.451s\nFAIL\n","ticket":"ko-759a","ts":"2026-02-25T06:38:52Z","workflow":"task"}
{"event":"node_complete","node":"verify","result":"error","ticket":"ko-759a","ts":"2026-02-25T06:38:52Z","workflow":"task"}
{"event":"build_complete","outcome":"fail","ticket":"ko-759a","ts":"2026-02-25T06:38:52Z"}
